{
  "RSpec": {
    "coverage": {
      "/Users/rashikapatel/Documents/Projects/weekly/bank_tech_test/spec/account_spec.rb": [
        1,
        1,
        6,
        1,
        1,
        null,
        null,
        1,
        1,
        1,
        1,
        null,
        null,
        1,
        1,
        1,
        1,
        null,
        null,
        1,
        1,
        1,
        null,
        null,
        1,
        1,
        2,
        null,
        null,
        null
      ],
      "/Users/rashikapatel/Documents/Projects/weekly/bank_tech_test/lib/account.rb": [
        1,
        1,
        1,
        null,
        1,
        5,
        5,
        5,
        null,
        null,
        1,
        2,
        2,
        null,
        null,
        1,
        1,
        1,
        null,
        null,
        1,
        1,
        null,
        null,
        1,
        null,
        1,
        3,
        null,
        1,
        null,
        null,
        null
      ],
      "/Users/rashikapatel/Documents/Projects/weekly/bank_tech_test/lib/statement_printer.rb": [
        1,
        null,
        1,
        null,
        1,
        4,
        4,
        8,
        null,
        null,
        null,
        1,
        4,
        null,
        null,
        null
      ],
      "/Users/rashikapatel/Documents/Projects/weekly/bank_tech_test/spec/statement_printer_spec.rb": [
        1,
        1,
        4,
        2,
        2,
        null,
        1,
        2,
        null,
        null,
        1,
        2,
        null,
        null,
        null,
        1,
        2,
        null,
        null,
        null,
        null,
        null
      ]
    },
    "timestamp": 1539008760
  }
}
