{
  "RSpec": {
    "coverage": {
      "/Users/rashikapatel/Documents/Projects/weekly/bank_tech_test/spec/account_spec.rb": [
        1,
        1,
        5,
        null,
        1,
        1,
        1,
        1,
        1,
        null,
        null,
        1,
        1,
        1,
        1,
        1,
        null,
        null,
        1,
        1,
        1,
        null,
        null,
        2,
        null,
        1,
        1,
        1,
        1,
        1,
        null,
        null,
        null
      ],
      "/Users/rashikapatel/Documents/Projects/weekly/bank_tech_test/lib/account.rb": [
        1,
        1,
        1,
        null,
        1,
        7,
        7,
        null,
        null,
        1,
        6,
        6,
        null,
        null,
        1,
        3,
        3,
        null,
        null,
        1,
        2,
        null,
        null,
        1,
        null,
        1,
        9,
        null,
        null,
        null
      ],
      "/Users/rashikapatel/Documents/Projects/weekly/bank_tech_test/lib/statement_printer.rb": [
        1,
        null,
        1,
        null,
        1,
        4,
        4,
        7,
        null,
        null,
        null,
        4,
        4,
        11,
        null,
        null,
        null,
        1,
        4,
        null,
        null,
        null
      ],
      "/Users/rashikapatel/Documents/Projects/weekly/bank_tech_test/spec/feature_spec.rb": [
        1,
        null,
        1,
        1,
        1,
        1,
        null,
        null,
        1,
        1,
        1,
        1,
        1,
        null,
        null,
        1,
        1,
        1,
        1,
        1,
        1,
        1,
        1,
        null,
        2,
        null,
        null,
        null,
        null,
        null,
        null,
        null
      ],
      "/Users/rashikapatel/Documents/Projects/weekly/bank_tech_test/spec/statement_printer_spec.rb": [
        1,
        1,
        4,
        2,
        2,
        null,
        1,
        2,
        null,
        null,
        1,
        2,
        null,
        null,
        null,
        1,
        2,
        null,
        null,
        null,
        null,
        null
      ]
    },
    "timestamp": 1539018142
  }
}
